<?xml version="1.0" encoding="UTF-8"?>
<!-- Generated by org.testng.reporters.JUnitReportReporter -->
<testsuite skipped="0" hostname="SOFTTEST" name="fxg_Rest_Assured_API.FXG_Rest_Assured_API_GET_Request_TC003" tests="1" failures="0" timestamp="14 Dec 2019 23:34:31 GMT" time="1.735" errors="0">
  <testcase name="googleMapTest" time="1.735" classname="fxg_Rest_Assured_API.FXG_Rest_Assured_API_GET_Request_TC003"/>
</testsuite> <!-- fxg_Rest_Assured_API.FXG_Rest_Assured_API_GET_Request_TC003 -->
