<?xml version="1.0" encoding="UTF-8"?>
<!-- Generated by org.testng.reporters.JUnitReportReporter -->
<testsuite skipped="0" hostname="SOFTTEST" name="fxg_Rest_Assured_API.FXG_Rest_Assured_API_GET_Request_TC006" tests="1" failures="0" timestamp="15 Dec 2019 01:58:44 GMT" time="2.455" errors="0">
  <testcase name="printArraylist" time="2.455" classname="fxg_Rest_Assured_API.FXG_Rest_Assured_API_GET_Request_TC006"/>
</testsuite> <!-- fxg_Rest_Assured_API.FXG_Rest_Assured_API_GET_Request_TC006 -->
