<?xml version="1.0" encoding="UTF-8"?>
<!-- Generated by org.testng.reporters.JUnitReportReporter -->
<testsuite skipped="0" hostname="SOFTTEST" name="fxg_Rest_Assured_API.FXG_Rest_Assured_API_GET_Request_TC004" tests="1" failures="0" timestamp="15 Dec 2019 00:26:57 GMT" time="1.951" errors="0">
  <testcase name="getWeatherDetails" time="1.951" classname="fxg_Rest_Assured_API.FXG_Rest_Assured_API_GET_Request_TC004"/>
</testsuite> <!-- fxg_Rest_Assured_API.FXG_Rest_Assured_API_GET_Request_TC004 -->
