<?xml version="1.0" encoding="UTF-8"?>
<!-- Generated by org.testng.reporters.JUnitReportReporter -->
<testsuite skipped="0" hostname="SOFTTEST" name="fxg_Rest_Assured_API.FXG_Rest_Assured_API_GET_Request_TC005" tests="2" failures="0" timestamp="15 Dec 2019 01:15:19 GMT" time="2.207" errors="0">
  <testcase name="test" time="2.175" classname="fxg_Rest_Assured_API.FXG_Rest_Assured_API_GET_Request_TC005"/>
  <testcase name="captureAllJsonContains" time="0.032" classname="fxg_Rest_Assured_API.FXG_Rest_Assured_API_GET_Request_TC005"/>
</testsuite> <!-- fxg_Rest_Assured_API.FXG_Rest_Assured_API_GET_Request_TC005 -->
